Arguments: 
  C:\Program Files\nodejs\node.exe C:\Program Files (x86)\Yarn\bin\yarn.js init --y

PATH: 
  C:\Program Files\Git\mingw64\bin;C:\Program Files\Git\usr\bin;C:\Users\Lucas Lima\bin;C:\Users\Lucas Lima\bin;C:\Program Files\Git\mingw64\bin;C:\Program Files\Git\usr\local\bin;C:\Program Files\Git\usr\bin;C:\Program Files\Git\usr\bin;C:\Program Files\Git\mingw64\bin;C:\Program Files\Git\usr\bin;C:\Users\Lucas Lima\bin;C:\ProgramData\DockerDesktop\version-bin;C:\Program Files\Docker\Docker\Resources\bin;C:\Program Files\Java\jre1.8.0_191\bin;C:\Program Files\Microsoft MPI\Bin;C:\Program Files (x86)\Common Files\Oracle\Java\javapath;C:\Program Files (x86)\Common Files\Intel\Shared Files\cpp\bin\Intel64;C:\WINDOWS\system32;C:\WINDOWS;C:\WINDOWS\System32\Wbem;C:\WINDOWS\System32\WindowsPowerShell\v1.0;C:\Program Files\Microsoft SQL Server\130\Tools\Binn;C:\Program Files\Microsoft SQL Server\120\Tools\Binn;C:\Users\Lucas Lima\bin\Sencha\Cmd\6.5.2.15;C:\Program Files\dotnet;C:\Program Files\VDownloader;C:\WINDOWS\System32\OpenSSH;C:\Program Files (x86)\IncrediBuild;C:\Program Files (x86)\Microsoft Emulator Manager\1.0;C:\Program Files (x86)\QuickTime\QTSystem;C:\Program Files\Java\jdk-11.0.1\bin;C:\Program Files (;C:\Program Files (x86)\Microsoft SQL Server\Client SDK\ODBC\130\Tools\Binn;C:\Program Files (x86)\Microsoft SQL Server\140\Tools\Binn;C:\Program Files (x86)\Microsoft SQL Server\140\DTS\Binn;C:\Program Files (x86)\Microsoft SQL Server\140\Tools\Binn\ManagementStudio;C:\Codes\amazon-kinesis-video-streams-producer-sdk-cpp\kinesis-video-native-build\downloads\StrawberryPerl\c\bin;C:\Codes\amazon-kinesis-video-streams-producer-sdk-cpp\kinesis-video-native-build\downloads\StrawberryPerl\perl\site\bin;C:\Codes\amazon-kinesis-video-streams-producer-sdk-cpp\kinesis-video-native-build\downloads\StrawberryPerl\perl\bin;C:\Program Files\PuTTY;C:\Program Files (x86)\Yarn\bin;C:\Program Files\nodejs;C:\Tizen\tools\ide\bin;C:\tizen-studio\tools\ide\bin;C:\Users\Lucas Lima\bin\Sencha\Cmd\6.5.3.6;C:\Users\Lucas Lima\AppData\Local\Microsoft\WindowsApps;C:\Program Files\Java\jdk-11.0.1\bin;C:\Codes\amazon-kinesis-video-streams-producer-sdk-cpp\kinesis-video-native-build\downloads\gstreamer\1.0\x86_64\bi;.;C:\Users\Lucas Lima\AppData\Local\Yarn\bin;C:\Users\Lucas Lima\.dotnet\tools;C:\Users\Lucas Lima\AppData\Roaming\npm;C:\Users\Lucas Lima\AppData\Local\Programs\Microsoft VS Code\bin;C:\Program Files\Git\usr\bin\vendor_perl;C:\Program Files\Git\usr\bin\core_perl

Yarn version: 
  1.15.2

Node version: 
  10.15.3

Platform: 
  win32 x64

Trace: 
  Error: canceled
      at Interface.<anonymous> (C:\Program Files (x86)\Yarn\lib\cli.js:125801:13)
      at Interface.emit (events.js:189:13)
      at Interface._ttyWrite (readline.js:783:16)
      at ReadStream.onkeypress (readline.js:168:10)
      at ReadStream.emit (events.js:189:13)
      at emitKeys (internal/readline.js:424:14)
      at emitKeys.next (<anonymous>)
      at ReadStream.onData (readline.js:1022:36)
      at ReadStream.emit (events.js:189:13)
      at addChunk (_stream_readable.js:284:12)

npm manifest: 
  No manifest

yarn manifest: 
  No manifest

Lockfile: 
  No lockfile
